RealSR-NCNN-Android-CLI/RealSR/build/outputs/logs/manifest-merger-release-report.txt
-- Merging decision tree log ---
manifest
ADDED from src\main\AndroidManifest.xml:2:1-3:12
INJECTED from src\main\AndroidManifest.xml:2:1-3:12
INJECTED from src\main\AndroidManifest.xml:2:1-3:12
	package
		INJECTED from src\main\AndroidManifest.xml
	android:versionCode
		INJECTED from src\main\AndroidManifest.xml
	xmlns:android
		ADDED from src\main\AndroidManifest.xml:2:11-69
application
INJECTED from src\main\AndroidManifest.xml reason: application injection requested
INJECTED from src\main\AndroidManifest.xml
	android:extractNativeLibs
		INJECTED from src\main\AndroidManifest.xml
uses-sdk
INJECTED from src\main\AndroidManifest.xml reason: use-sdk injection requested
INJECTED from src\main\AndroidManifest.xml
INJECTED from src\main\AndroidManifest.xml
	android:targetSdkVersion
		INJECTED from src\main\AndroidManifest.xml
	android:minSdkVersion
		INJECTED from src\main\AndroidManifest.xml